<?xml version="1.0" encoding="UTF-8"?>
<testng-results ignored="0" total="14" passed="12" failed="2" skipped="0">
  <reporter-output>
  </reporter-output>
  <suite started-at="2023-06-02T21:40:34 IST" name="Suite" finished-at="2023-06-02T21:47:39 IST" duration-ms="425112">
    <groups>
    </groups>
    <test started-at="2023-06-02T21:40:34 IST" name="Test" finished-at="2023-06-02T21:47:39 IST" duration-ms="425112">
      <class name="testCases.ContactPageTest">
        <test-method is-config="true" signature="setup()[pri:0, instance:testCases.ContactPageTest@4d02f94e]" started-at="2023-06-02T21:40:34 IST" name="setup" finished-at="2023-06-02T21:41:08 IST" duration-ms="33682" status="PASS">
          <reporter-output>
          </reporter-output>
        </test-method> <!-- setup -->
        <test-method signature="verifyContactLabelTest()[pri:1, instance:testCases.ContactPageTest@4d02f94e]" started-at="2023-06-02T21:41:08 IST" name="verifyContactLabelTest" finished-at="2023-06-02T21:41:12 IST" duration-ms="3823" status="PASS">
          <reporter-output>
          </reporter-output>
        </test-method> <!-- verifyContactLabelTest -->
        <test-method is-config="true" signature="tearDown()[pri:0, instance:testCases.ContactPageTest@4d02f94e]" started-at="2023-06-02T21:41:12 IST" name="tearDown" finished-at="2023-06-02T21:41:14 IST" duration-ms="2472" status="PASS">
          <reporter-output>
          </reporter-output>
        </test-method> <!-- tearDown -->
        <test-method is-config="true" signature="setup()[pri:0, instance:testCases.ContactPageTest@4d02f94e]" started-at="2023-06-02T21:41:14 IST" name="setup" finished-at="2023-06-02T21:41:40 IST" duration-ms="25810" status="PASS">
          <reporter-output>
          </reporter-output>
        </test-method> <!-- setup -->
        <test-method signature="verifyClickOnCreateNewContactLinkTest()[pri:2, instance:testCases.ContactPageTest@4d02f94e]" started-at="2023-06-02T21:41:40 IST" name="verifyClickOnCreateNewContactLinkTest" finished-at="2023-06-02T21:41:44 IST" duration-ms="4481" status="PASS">
          <reporter-output>
          </reporter-output>
        </test-method> <!-- verifyClickOnCreateNewContactLinkTest -->
        <test-method is-config="true" signature="tearDown()[pri:0, instance:testCases.ContactPageTest@4d02f94e]" started-at="2023-06-02T21:41:44 IST" name="tearDown" finished-at="2023-06-02T21:41:47 IST" duration-ms="2753" status="PASS">
          <reporter-output>
          </reporter-output>
        </test-method> <!-- tearDown -->
        <test-method is-config="true" signature="setup()[pri:0, instance:testCases.ContactPageTest@4d02f94e]" started-at="2023-06-02T21:41:49 IST" name="setup" finished-at="2023-06-02T21:42:17 IST" duration-ms="28154" status="PASS">
          <reporter-output>
          </reporter-output>
        </test-method> <!-- setup -->
        <test-method signature="CreateNewContactTest(java.lang.String,java.lang.String,java.lang.String,java.lang.String)[pri:3, instance:testCases.ContactPageTest@4d02f94e]" started-at="2023-06-02T21:42:17 IST" name="CreateNewContactTest" data-provider="getCRMTestData" finished-at="2023-06-02T21:42:23 IST" duration-ms="6475" status="FAIL">
          <params>
            <param index="0">
              <value>
                <![CDATA[Mr.]]>
              </value>
            </param>
            <param index="1">
              <value>
                <![CDATA[Jon]]>
              </value>
            </param>
            <param index="2">
              <value>
                <![CDATA[Smith]]>
              </value>
            </param>
            <param index="3">
              <value>
                <![CDATA[Google]]>
              </value>
            </param>
          </params>
          <exception class="org.openqa.selenium.ElementNotInteractableException">
            <message>
              <![CDATA[element not interactable
  (Session info: chrome=114.0.5735.90)
Build info: version: '3.141.5', revision: 'd54ebd709a', time: '2018-11-06T11:42:16'
System info: host: 'F884270-W10', ip: '192.168.0.104', os.name: 'Windows 10', os.arch: 'amd64', os.version: '10.0', java.version: '11.0.15'
Driver info: org.openqa.selenium.chrome.ChromeDriver
Capabilities {acceptInsecureCerts: false, browserName: chrome, browserVersion: 114.0.5735.90, chrome: {chromedriverVersion: 114.0.5735.90 (386bc09e8f4f..., userDataDir: C:\Users\F884270\AppData\Lo...}, goog:chromeOptions: {debuggerAddress: localhost:59462}, javascriptEnabled: true, networkConnectionEnabled: false, pageLoadStrategy: normal, platform: WINDOWS, platformName: WINDOWS, proxy: Proxy(), setWindowRect: true, strictFileInteractability: false, timeouts: {implicit: 0, pageLoad: 300000, script: 30000}, unhandledPromptBehavior: dismiss and notify, webauthn:extension:credBlob: true, webauthn:extension:largeBlob: true, webauthn:extension:minPinLength: true, webauthn:extension:prf: true, webauthn:virtualAuthenticators: true}
Session ID: c658e8ecd4d8450ecef6144387c15088]]>
            </message>
            <full-stacktrace>
              <![CDATA[org.openqa.selenium.ElementNotInteractableException: element not interactable
  (Session info: chrome=114.0.5735.90)
Build info: version: '3.141.5', revision: 'd54ebd709a', time: '2018-11-06T11:42:16'
System info: host: 'F884270-W10', ip: '192.168.0.104', os.name: 'Windows 10', os.arch: 'amd64', os.version: '10.0', java.version: '11.0.15'
Driver info: org.openqa.selenium.chrome.ChromeDriver
Capabilities {acceptInsecureCerts: false, browserName: chrome, browserVersion: 114.0.5735.90, chrome: {chromedriverVersion: 114.0.5735.90 (386bc09e8f4f..., userDataDir: C:\Users\F884270\AppData\Lo...}, goog:chromeOptions: {debuggerAddress: localhost:59462}, javascriptEnabled: true, networkConnectionEnabled: false, pageLoadStrategy: normal, platform: WINDOWS, platformName: WINDOWS, proxy: Proxy(), setWindowRect: true, strictFileInteractability: false, timeouts: {implicit: 0, pageLoad: 300000, script: 30000}, unhandledPromptBehavior: dismiss and notify, webauthn:extension:credBlob: true, webauthn:extension:largeBlob: true, webauthn:extension:minPinLength: true, webauthn:extension:prf: true, webauthn:virtualAuthenticators: true}
Session ID: c658e8ecd4d8450ecef6144387c15088
at java.base/jdk.internal.reflect.NativeConstructorAccessorImpl.newInstance0(Native Method)
at java.base/jdk.internal.reflect.NativeConstructorAccessorImpl.newInstance(NativeConstructorAccessorImpl.java:62)
at java.base/jdk.internal.reflect.DelegatingConstructorAccessorImpl.newInstance(DelegatingConstructorAccessorImpl.java:45)
at java.base/java.lang.reflect.Constructor.newInstance(Constructor.java:490)
at org.openqa.selenium.remote.http.W3CHttpResponseCodec.createException(W3CHttpResponseCodec.java:187)
at org.openqa.selenium.remote.http.W3CHttpResponseCodec.decode(W3CHttpResponseCodec.java:122)
at org.openqa.selenium.remote.http.W3CHttpResponseCodec.decode(W3CHttpResponseCodec.java:49)
at org.openqa.selenium.remote.HttpCommandExecutor.execute(HttpCommandExecutor.java:158)
at org.openqa.selenium.remote.service.DriverCommandExecutor.execute(DriverCommandExecutor.java:83)
at org.openqa.selenium.remote.RemoteWebDriver.execute(RemoteWebDriver.java:552)
at org.openqa.selenium.remote.RemoteWebElement.execute(RemoteWebElement.java:285)
at org.openqa.selenium.remote.RemoteWebElement.click(RemoteWebElement.java:84)
at java.base/jdk.internal.reflect.NativeMethodAccessorImpl.invoke0(Native Method)
at java.base/jdk.internal.reflect.NativeMethodAccessorImpl.invoke(NativeMethodAccessorImpl.java:62)
at java.base/jdk.internal.reflect.DelegatingMethodAccessorImpl.invoke(DelegatingMethodAccessorImpl.java:43)
at java.base/java.lang.reflect.Method.invoke(Method.java:566)
at org.openqa.selenium.support.events.EventFiringWebDriver$EventFiringWebElement.lambda$new$0(EventFiringWebDriver.java:404)
at com.sun.proxy.$Proxy16.click(Unknown Source)
at org.openqa.selenium.support.events.EventFiringWebDriver$EventFiringWebElement.click(EventFiringWebDriver.java:417)
at java.base/jdk.internal.reflect.NativeMethodAccessorImpl.invoke0(Native Method)
at java.base/jdk.internal.reflect.NativeMethodAccessorImpl.invoke(NativeMethodAccessorImpl.java:62)
at java.base/jdk.internal.reflect.DelegatingMethodAccessorImpl.invoke(DelegatingMethodAccessorImpl.java:43)
at java.base/java.lang.reflect.Method.invoke(Method.java:566)
at org.openqa.selenium.support.pagefactory.internal.LocatingElementHandler.invoke(LocatingElementHandler.java:51)
at com.sun.proxy.$Proxy15.click(Unknown Source)
at pages.HomePage.verifyClickOnCreateNewContactLink(HomePage.java:56)
at testCases.ContactPageTest.CreateNewContactTest(ContactPageTest.java:63)
at java.base/jdk.internal.reflect.NativeMethodAccessorImpl.invoke0(Native Method)
at java.base/jdk.internal.reflect.NativeMethodAccessorImpl.invoke(NativeMethodAccessorImpl.java:62)
at java.base/jdk.internal.reflect.DelegatingMethodAccessorImpl.invoke(DelegatingMethodAccessorImpl.java:43)
at java.base/java.lang.reflect.Method.invoke(Method.java:566)
at org.testng.internal.MethodInvocationHelper.invokeMethod(MethodInvocationHelper.java:133)
at org.testng.internal.TestInvoker.invokeMethod(TestInvoker.java:598)
at org.testng.internal.TestInvoker.invokeTestMethod(TestInvoker.java:173)
at org.testng.internal.MethodRunner.runInSequence(MethodRunner.java:46)
at org.testng.internal.TestInvoker$MethodInvocationAgent.invoke(TestInvoker.java:824)
at org.testng.internal.TestInvoker.invokeTestMethods(TestInvoker.java:146)
at org.testng.internal.TestMethodWorker.invokeTestMethods(TestMethodWorker.java:146)
at org.testng.internal.TestMethodWorker.run(TestMethodWorker.java:128)
at java.base/java.util.ArrayList.forEach(ArrayList.java:1541)
at org.testng.TestRunner.privateRun(TestRunner.java:794)
at org.testng.TestRunner.run(TestRunner.java:596)
at org.testng.SuiteRunner.runTest(SuiteRunner.java:377)
at org.testng.SuiteRunner.runSequentially(SuiteRunner.java:371)
at org.testng.SuiteRunner.privateRun(SuiteRunner.java:332)
at org.testng.SuiteRunner.run(SuiteRunner.java:276)
at org.testng.SuiteRunnerWorker.runSuite(SuiteRunnerWorker.java:53)
at org.testng.SuiteRunnerWorker.run(SuiteRunnerWorker.java:96)
at org.testng.TestNG.runSuitesSequentially(TestNG.java:1212)
at org.testng.TestNG.runSuitesLocally(TestNG.java:1134)
at org.testng.TestNG.runSuites(TestNG.java:1063)
at org.testng.TestNG.run(TestNG.java:1031)
at org.testng.remote.AbstractRemoteTestNG.run(AbstractRemoteTestNG.java:115)
at org.testng.remote.RemoteTestNG.initAndRun(RemoteTestNG.java:251)
at org.testng.remote.RemoteTestNG.main(RemoteTestNG.java:77)
]]>
            </full-stacktrace>
          </exception> <!-- org.openqa.selenium.ElementNotInteractableException -->
          <reporter-output>
          </reporter-output>
        </test-method> <!-- CreateNewContactTest -->
        <test-method is-config="true" signature="tearDown()[pri:0, instance:testCases.ContactPageTest@4d02f94e]" started-at="2023-06-02T21:42:23 IST" name="tearDown" finished-at="2023-06-02T21:42:25 IST" duration-ms="2163" status="PASS">
          <reporter-output>
          </reporter-output>
        </test-method> <!-- tearDown -->
        <test-method is-config="true" signature="setup()[pri:0, instance:testCases.ContactPageTest@4d02f94e]" started-at="2023-06-02T21:42:25 IST" name="setup" finished-at="2023-06-02T21:42:56 IST" duration-ms="30359" status="PASS">
          <reporter-output>
          </reporter-output>
        </test-method> <!-- setup -->
        <test-method signature="CreateNewContactTest(java.lang.String,java.lang.String,java.lang.String,java.lang.String)[pri:3, instance:testCases.ContactPageTest@4d02f94e]" started-at="2023-06-02T21:42:56 IST" name="CreateNewContactTest" data-provider="getCRMTestData" finished-at="2023-06-02T21:43:02 IST" duration-ms="6371" status="FAIL">
          <params>
            <param index="0">
              <value>
                <![CDATA[Mrs.]]>
              </value>
            </param>
            <param index="1">
              <value>
                <![CDATA[Mary]]>
              </value>
            </param>
            <param index="2">
              <value>
                <![CDATA[Parker]]>
              </value>
            </param>
            <param index="3">
              <value>
                <![CDATA[Amazon]]>
              </value>
            </param>
          </params>
          <exception class="org.openqa.selenium.ElementNotInteractableException">
            <message>
              <![CDATA[element not interactable
  (Session info: chrome=114.0.5735.90)
Build info: version: '3.141.5', revision: 'd54ebd709a', time: '2018-11-06T11:42:16'
System info: host: 'F884270-W10', ip: '192.168.0.104', os.name: 'Windows 10', os.arch: 'amd64', os.version: '10.0', java.version: '11.0.15'
Driver info: org.openqa.selenium.chrome.ChromeDriver
Capabilities {acceptInsecureCerts: false, browserName: chrome, browserVersion: 114.0.5735.90, chrome: {chromedriverVersion: 114.0.5735.90 (386bc09e8f4f..., userDataDir: C:\Users\F884270\AppData\Lo...}, goog:chromeOptions: {debuggerAddress: localhost:59578}, javascriptEnabled: true, networkConnectionEnabled: false, pageLoadStrategy: normal, platform: WINDOWS, platformName: WINDOWS, proxy: Proxy(), setWindowRect: true, strictFileInteractability: false, timeouts: {implicit: 0, pageLoad: 300000, script: 30000}, unhandledPromptBehavior: dismiss and notify, webauthn:extension:credBlob: true, webauthn:extension:largeBlob: true, webauthn:extension:minPinLength: true, webauthn:extension:prf: true, webauthn:virtualAuthenticators: true}
Session ID: 2ee5410ffafb55996ee32233c5e8d725]]>
            </message>
            <full-stacktrace>
              <![CDATA[org.openqa.selenium.ElementNotInteractableException: element not interactable
  (Session info: chrome=114.0.5735.90)
Build info: version: '3.141.5', revision: 'd54ebd709a', time: '2018-11-06T11:42:16'
System info: host: 'F884270-W10', ip: '192.168.0.104', os.name: 'Windows 10', os.arch: 'amd64', os.version: '10.0', java.version: '11.0.15'
Driver info: org.openqa.selenium.chrome.ChromeDriver
Capabilities {acceptInsecureCerts: false, browserName: chrome, browserVersion: 114.0.5735.90, chrome: {chromedriverVersion: 114.0.5735.90 (386bc09e8f4f..., userDataDir: C:\Users\F884270\AppData\Lo...}, goog:chromeOptions: {debuggerAddress: localhost:59578}, javascriptEnabled: true, networkConnectionEnabled: false, pageLoadStrategy: normal, platform: WINDOWS, platformName: WINDOWS, proxy: Proxy(), setWindowRect: true, strictFileInteractability: false, timeouts: {implicit: 0, pageLoad: 300000, script: 30000}, unhandledPromptBehavior: dismiss and notify, webauthn:extension:credBlob: true, webauthn:extension:largeBlob: true, webauthn:extension:minPinLength: true, webauthn:extension:prf: true, webauthn:virtualAuthenticators: true}
Session ID: 2ee5410ffafb55996ee32233c5e8d725
at java.base/jdk.internal.reflect.NativeConstructorAccessorImpl.newInstance0(Native Method)
at java.base/jdk.internal.reflect.NativeConstructorAccessorImpl.newInstance(NativeConstructorAccessorImpl.java:62)
at java.base/jdk.internal.reflect.DelegatingConstructorAccessorImpl.newInstance(DelegatingConstructorAccessorImpl.java:45)
at java.base/java.lang.reflect.Constructor.newInstance(Constructor.java:490)
at org.openqa.selenium.remote.http.W3CHttpResponseCodec.createException(W3CHttpResponseCodec.java:187)
at org.openqa.selenium.remote.http.W3CHttpResponseCodec.decode(W3CHttpResponseCodec.java:122)
at org.openqa.selenium.remote.http.W3CHttpResponseCodec.decode(W3CHttpResponseCodec.java:49)
at org.openqa.selenium.remote.HttpCommandExecutor.execute(HttpCommandExecutor.java:158)
at org.openqa.selenium.remote.service.DriverCommandExecutor.execute(DriverCommandExecutor.java:83)
at org.openqa.selenium.remote.RemoteWebDriver.execute(RemoteWebDriver.java:552)
at org.openqa.selenium.remote.RemoteWebElement.execute(RemoteWebElement.java:285)
at org.openqa.selenium.remote.RemoteWebElement.click(RemoteWebElement.java:84)
at java.base/jdk.internal.reflect.NativeMethodAccessorImpl.invoke0(Native Method)
at java.base/jdk.internal.reflect.NativeMethodAccessorImpl.invoke(NativeMethodAccessorImpl.java:62)
at java.base/jdk.internal.reflect.DelegatingMethodAccessorImpl.invoke(DelegatingMethodAccessorImpl.java:43)
at java.base/java.lang.reflect.Method.invoke(Method.java:566)
at org.openqa.selenium.support.events.EventFiringWebDriver$EventFiringWebElement.lambda$new$0(EventFiringWebDriver.java:404)
at com.sun.proxy.$Proxy16.click(Unknown Source)
at org.openqa.selenium.support.events.EventFiringWebDriver$EventFiringWebElement.click(EventFiringWebDriver.java:417)
at java.base/jdk.internal.reflect.NativeMethodAccessorImpl.invoke0(Native Method)
at java.base/jdk.internal.reflect.NativeMethodAccessorImpl.invoke(NativeMethodAccessorImpl.java:62)
at java.base/jdk.internal.reflect.DelegatingMethodAccessorImpl.invoke(DelegatingMethodAccessorImpl.java:43)
at java.base/java.lang.reflect.Method.invoke(Method.java:566)
at org.openqa.selenium.support.pagefactory.internal.LocatingElementHandler.invoke(LocatingElementHandler.java:51)
at com.sun.proxy.$Proxy15.click(Unknown Source)
at pages.HomePage.verifyClickOnCreateNewContactLink(HomePage.java:56)
at testCases.ContactPageTest.CreateNewContactTest(ContactPageTest.java:63)
at java.base/jdk.internal.reflect.NativeMethodAccessorImpl.invoke0(Native Method)
at java.base/jdk.internal.reflect.NativeMethodAccessorImpl.invoke(NativeMethodAccessorImpl.java:62)
at java.base/jdk.internal.reflect.DelegatingMethodAccessorImpl.invoke(DelegatingMethodAccessorImpl.java:43)
at java.base/java.lang.reflect.Method.invoke(Method.java:566)
at org.testng.internal.MethodInvocationHelper.invokeMethod(MethodInvocationHelper.java:133)
at org.testng.internal.TestInvoker.invokeMethod(TestInvoker.java:598)
at org.testng.internal.TestInvoker.invokeTestMethod(TestInvoker.java:173)
at org.testng.internal.MethodRunner.runInSequence(MethodRunner.java:46)
at org.testng.internal.TestInvoker$MethodInvocationAgent.invoke(TestInvoker.java:824)
at org.testng.internal.TestInvoker.invokeTestMethods(TestInvoker.java:146)
at org.testng.internal.TestMethodWorker.invokeTestMethods(TestMethodWorker.java:146)
at org.testng.internal.TestMethodWorker.run(TestMethodWorker.java:128)
at java.base/java.util.ArrayList.forEach(ArrayList.java:1541)
at org.testng.TestRunner.privateRun(TestRunner.java:794)
at org.testng.TestRunner.run(TestRunner.java:596)
at org.testng.SuiteRunner.runTest(SuiteRunner.java:377)
at org.testng.SuiteRunner.runSequentially(SuiteRunner.java:371)
at org.testng.SuiteRunner.privateRun(SuiteRunner.java:332)
at org.testng.SuiteRunner.run(SuiteRunner.java:276)
at org.testng.SuiteRunnerWorker.runSuite(SuiteRunnerWorker.java:53)
at org.testng.SuiteRunnerWorker.run(SuiteRunnerWorker.java:96)
at org.testng.TestNG.runSuitesSequentially(TestNG.java:1212)
at org.testng.TestNG.runSuitesLocally(TestNG.java:1134)
at org.testng.TestNG.runSuites(TestNG.java:1063)
at org.testng.TestNG.run(TestNG.java:1031)
at org.testng.remote.AbstractRemoteTestNG.run(AbstractRemoteTestNG.java:115)
at org.testng.remote.RemoteTestNG.initAndRun(RemoteTestNG.java:251)
at org.testng.remote.RemoteTestNG.main(RemoteTestNG.java:77)
]]>
            </full-stacktrace>
          </exception> <!-- org.openqa.selenium.ElementNotInteractableException -->
          <reporter-output>
          </reporter-output>
        </test-method> <!-- CreateNewContactTest -->
        <test-method is-config="true" signature="tearDown()[pri:0, instance:testCases.ContactPageTest@4d02f94e]" started-at="2023-06-02T21:43:02 IST" name="tearDown" finished-at="2023-06-02T21:43:05 IST" duration-ms="2644" status="PASS">
          <reporter-output>
          </reporter-output>
        </test-method> <!-- tearDown -->
        <test-method is-config="true" signature="setup()[pri:0, instance:testCases.ContactPageTest@4d02f94e]" started-at="2023-06-02T21:43:05 IST" name="setup" finished-at="2023-06-02T21:43:32 IST" duration-ms="27545" status="PASS">
          <reporter-output>
          </reporter-output>
        </test-method> <!-- setup -->
        <test-method signature="CreateNewContactTest(java.lang.String,java.lang.String,java.lang.String,java.lang.String)[pri:3, instance:testCases.ContactPageTest@4d02f94e]" started-at="2023-06-02T21:43:32 IST" name="CreateNewContactTest" data-provider="getCRMTestData" finished-at="2023-06-02T21:43:42 IST" duration-ms="9220" status="PASS">
          <params>
            <param index="0">
              <value>
                <![CDATA[Mr.]]>
              </value>
            </param>
            <param index="1">
              <value>
                <![CDATA[Jason]]>
              </value>
            </param>
            <param index="2">
              <value>
                <![CDATA[Ridgecrest]]>
              </value>
            </param>
            <param index="3">
              <value>
                <![CDATA[Google]]>
              </value>
            </param>
          </params>
          <reporter-output>
          </reporter-output>
        </test-method> <!-- CreateNewContactTest -->
        <test-method is-config="true" signature="tearDown()[pri:0, instance:testCases.ContactPageTest@4d02f94e]" started-at="2023-06-02T21:43:42 IST" name="tearDown" finished-at="2023-06-02T21:43:44 IST" duration-ms="2165" status="PASS">
          <reporter-output>
          </reporter-output>
        </test-method> <!-- tearDown -->
      </class> <!-- testCases.ContactPageTest -->
      <class name="testCases.LoginPageTest">
        <test-method is-config="true" signature="setup()[pri:0, instance:testCases.LoginPageTest@66d3eec0]" started-at="2023-06-02T21:43:44 IST" name="setup" finished-at="2023-06-02T21:43:56 IST" duration-ms="12019" status="PASS">
          <reporter-output>
          </reporter-output>
        </test-method> <!-- setup -->
        <test-method signature="loginPageTitleTest()[pri:1, instance:testCases.LoginPageTest@66d3eec0]" started-at="2023-06-02T21:43:56 IST" name="loginPageTitleTest" finished-at="2023-06-02T21:43:56 IST" duration-ms="21" status="PASS">
          <reporter-output>
          </reporter-output>
        </test-method> <!-- loginPageTitleTest -->
        <test-method is-config="true" signature="tearDown()[pri:0, instance:testCases.LoginPageTest@66d3eec0]" started-at="2023-06-02T21:43:56 IST" name="tearDown" finished-at="2023-06-02T21:43:58 IST" duration-ms="2571" status="PASS">
          <reporter-output>
          </reporter-output>
        </test-method> <!-- tearDown -->
        <test-method is-config="true" signature="setup()[pri:0, instance:testCases.LoginPageTest@66d3eec0]" started-at="2023-06-02T21:43:58 IST" name="setup" finished-at="2023-06-02T21:44:11 IST" duration-ms="12149" status="PASS">
          <reporter-output>
          </reporter-output>
        </test-method> <!-- setup -->
        <test-method signature="logoTest()[pri:2, instance:testCases.LoginPageTest@66d3eec0]" started-at="2023-06-02T21:44:11 IST" name="logoTest" finished-at="2023-06-02T21:44:11 IST" duration-ms="246" status="PASS">
          <reporter-output>
          </reporter-output>
        </test-method> <!-- logoTest -->
        <test-method is-config="true" signature="tearDown()[pri:0, instance:testCases.LoginPageTest@66d3eec0]" started-at="2023-06-02T21:44:11 IST" name="tearDown" finished-at="2023-06-02T21:44:13 IST" duration-ms="1697" status="PASS">
          <reporter-output>
          </reporter-output>
        </test-method> <!-- tearDown -->
        <test-method is-config="true" signature="setup()[pri:0, instance:testCases.LoginPageTest@66d3eec0]" started-at="2023-06-02T21:44:13 IST" name="setup" finished-at="2023-06-02T21:44:25 IST" duration-ms="12397" status="PASS">
          <reporter-output>
          </reporter-output>
        </test-method> <!-- setup -->
        <test-method signature="ableToLogin()[pri:3, instance:testCases.LoginPageTest@66d3eec0]" started-at="2023-06-02T21:44:25 IST" name="ableToLogin" finished-at="2023-06-02T21:44:38 IST" duration-ms="12886" status="PASS">
          <reporter-output>
          </reporter-output>
        </test-method> <!-- ableToLogin -->
        <test-method is-config="true" signature="tearDown()[pri:0, instance:testCases.LoginPageTest@66d3eec0]" started-at="2023-06-02T21:44:38 IST" name="tearDown" finished-at="2023-06-02T21:44:40 IST" duration-ms="1926" status="PASS">
          <reporter-output>
          </reporter-output>
        </test-method> <!-- tearDown -->
      </class> <!-- testCases.LoginPageTest -->
      <class name="testCases.DealsPageTest">
        <test-method is-config="true" signature="setup()[pri:0, instance:testCases.DealsPageTest@1e04fa0a]" started-at="2023-06-02T21:44:40 IST" name="setup" finished-at="2023-06-02T21:45:06 IST" duration-ms="26412" status="PASS">
          <reporter-output>
          </reporter-output>
        </test-method> <!-- setup -->
        <test-method signature="verifyDealsLabelTest()[pri:1, instance:testCases.DealsPageTest@1e04fa0a]" started-at="2023-06-02T21:45:06 IST" name="verifyDealsLabelTest" finished-at="2023-06-02T21:45:06 IST" duration-ms="80" status="PASS">
          <reporter-output>
          </reporter-output>
        </test-method> <!-- verifyDealsLabelTest -->
        <test-method is-config="true" signature="tearDown()[pri:0, instance:testCases.DealsPageTest@1e04fa0a]" started-at="2023-06-02T21:45:06 IST" name="tearDown" finished-at="2023-06-02T21:45:09 IST" duration-ms="2621" status="PASS">
          <reporter-output>
          </reporter-output>
        </test-method> <!-- tearDown -->
      </class> <!-- testCases.DealsPageTest -->
      <class name="testCases.HomePageTest">
        <test-method is-config="true" signature="setup()[pri:0, instance:testCases.HomePageTest@618425b5]" started-at="2023-06-02T21:45:09 IST" name="setup" finished-at="2023-06-02T21:45:38 IST" duration-ms="29255" status="PASS">
          <reporter-output>
          </reporter-output>
        </test-method> <!-- setup -->
        <test-method signature="countHomePagetLinksTest()[pri:1, instance:testCases.HomePageTest@618425b5]" started-at="2023-06-02T21:45:38 IST" name="countHomePagetLinksTest" finished-at="2023-06-02T21:45:38 IST" duration-ms="132" status="PASS">
          <reporter-output>
          </reporter-output>
        </test-method> <!-- countHomePagetLinksTest -->
        <test-method is-config="true" signature="tearDown()[pri:0, instance:testCases.HomePageTest@618425b5]" started-at="2023-06-02T21:45:38 IST" name="tearDown" finished-at="2023-06-02T21:45:41 IST" duration-ms="2483" status="PASS">
          <reporter-output>
          </reporter-output>
        </test-method> <!-- tearDown -->
        <test-method is-config="true" signature="setup()[pri:0, instance:testCases.HomePageTest@618425b5]" started-at="2023-06-02T21:45:41 IST" name="setup" finished-at="2023-06-02T21:46:05 IST" duration-ms="24210" status="PASS">
          <reporter-output>
          </reporter-output>
        </test-method> <!-- setup -->
        <test-method signature="elementPresentTest()[pri:1, instance:testCases.HomePageTest@618425b5]" started-at="2023-06-02T21:46:05 IST" name="elementPresentTest" finished-at="2023-06-02T21:46:05 IST" duration-ms="187" status="PASS">
          <reporter-output>
          </reporter-output>
        </test-method> <!-- elementPresentTest -->
        <test-method is-config="true" signature="tearDown()[pri:0, instance:testCases.HomePageTest@618425b5]" started-at="2023-06-02T21:46:05 IST" name="tearDown" finished-at="2023-06-02T21:46:07 IST" duration-ms="2370" status="PASS">
          <reporter-output>
          </reporter-output>
        </test-method> <!-- tearDown -->
        <test-method is-config="true" signature="setup()[pri:0, instance:testCases.HomePageTest@618425b5]" started-at="2023-06-02T21:46:07 IST" name="setup" finished-at="2023-06-02T21:46:32 IST" duration-ms="24521" status="PASS">
          <reporter-output>
          </reporter-output>
        </test-method> <!-- setup -->
        <test-method signature="verfiyhomePageTitle()[pri:1, instance:testCases.HomePageTest@618425b5]" started-at="2023-06-02T21:46:32 IST" name="verfiyhomePageTitle" finished-at="2023-06-02T21:46:32 IST" duration-ms="44" status="PASS">
          <reporter-output>
          </reporter-output>
        </test-method> <!-- verfiyhomePageTitle -->
        <test-method is-config="true" signature="tearDown()[pri:0, instance:testCases.HomePageTest@618425b5]" started-at="2023-06-02T21:46:32 IST" name="tearDown" finished-at="2023-06-02T21:46:35 IST" duration-ms="2573" status="PASS">
          <reporter-output>
          </reporter-output>
        </test-method> <!-- tearDown -->
        <test-method is-config="true" signature="setup()[pri:0, instance:testCases.HomePageTest@618425b5]" started-at="2023-06-02T21:46:35 IST" name="setup" finished-at="2023-06-02T21:47:00 IST" duration-ms="25063" status="PASS">
          <reporter-output>
          </reporter-output>
        </test-method> <!-- setup -->
        <test-method signature="verifyUserNameLabelTest()[pri:2, instance:testCases.HomePageTest@618425b5]" started-at="2023-06-02T21:47:00 IST" name="verifyUserNameLabelTest" finished-at="2023-06-02T21:47:00 IST" duration-ms="147" status="PASS">
          <reporter-output>
          </reporter-output>
        </test-method> <!-- verifyUserNameLabelTest -->
        <test-method is-config="true" signature="tearDown()[pri:0, instance:testCases.HomePageTest@618425b5]" started-at="2023-06-02T21:47:00 IST" name="tearDown" finished-at="2023-06-02T21:47:02 IST" duration-ms="2397" status="PASS">
          <reporter-output>
          </reporter-output>
        </test-method> <!-- tearDown -->
        <test-method is-config="true" signature="setup()[pri:0, instance:testCases.HomePageTest@618425b5]" started-at="2023-06-02T21:47:02 IST" name="setup" finished-at="2023-06-02T21:47:34 IST" duration-ms="31359" status="PASS">
          <reporter-output>
          </reporter-output>
        </test-method> <!-- setup -->
        <test-method signature="verifyContactLinkTest()[pri:3, instance:testCases.HomePageTest@618425b5]" started-at="2023-06-02T21:47:34 IST" name="verifyContactLinkTest" finished-at="2023-06-02T21:47:37 IST" duration-ms="3588" status="PASS">
          <reporter-output>
          </reporter-output>
        </test-method> <!-- verifyContactLinkTest -->
        <test-method is-config="true" signature="tearDown()[pri:0, instance:testCases.HomePageTest@618425b5]" started-at="2023-06-02T21:47:37 IST" name="tearDown" finished-at="2023-06-02T21:47:39 IST" duration-ms="1936" status="PASS">
          <reporter-output>
          </reporter-output>
        </test-method> <!-- tearDown -->
      </class> <!-- testCases.HomePageTest -->
    </test> <!-- Test -->
  </suite> <!-- Suite -->
</testng-results>
